<?xml version="1.0" encoding="UTF-8"?>
<!-- Generated by org.testng.reporters.JUnitXMLReporter -->
<testsuite ignored="0" hostname="INIYAA" failures="1" tests="9" name="Test" time="72.104" errors="0" timestamp="2021-09-27T17:24:31 IST">
  <testcase classname="com.mindtree.Testcases.TestRunner" name="Login" time="2.652"/>
  <testcase classname="com.mindtree.Testcases.TestRunner" name="Stores" time="14.419"/>
  <testcase classname="com.mindtree.Testcases.TestRunner" name="Sale" time="4.344"/>
  <testcase classname="com.mindtree.Testcases.TestRunner" name="FilterSearch" time="11.272"/>
  <testcase classname="com.mindtree.Testcases.TestRunner" name="SortBy" time="5.264"/>
  <testcase classname="com.mindtree.Testcases.TestRunner" name="DecorList" time="3.295"/>
  <testcase classname="com.mindtree.Testcases.TestRunner" name="ResultsCount" time="4.201"/>
  <testcase classname="com.mindtree.Testcases.TestRunner" name="Help" time="4.157"/>
  <testcase classname="com.mindtree.Testcases.TestRunner" name="GiftCoupon" time="7.042">
    <failure type="java.lang.AssertionError" message="expected [false] but found [true]">
      <![CDATA[java.lang.AssertionError: expected [false] but found [true]
at com.mindtree.Testcases.TestRunner.GiftCoupon(TestRunner.java:175)
at java.base/java.util.ArrayList.forEach(ArrayList.java:1541)
... Removed 31 stack frames]]>
    </failure>
  </testcase> <!-- GiftCoupon -->
</testsuite> <!-- Test -->
