<?xml version="1.0" encoding="UTF-8"?>
<!-- Generated by org.testng.reporters.JUnitXMLReporter -->
<testsuite ignored="8" hostname="INIYAA" failures="0" tests="1" name="Default test" time="30.141" errors="0" timestamp="2021-09-27T14:04:47 IST">
  <testcase classname="com.mindtree.Testcases.TestRunner" name="GiftCoupon" time="10.177"/>
  <testcase classname="com.mindtree.Testcases.TestRunner" name="Stores" time="0.0">
    <ignored/>
  </testcase> <!-- Stores -->
  <testcase classname="com.mindtree.Testcases.TestRunner" name="Login" time="0.0">
    <ignored/>
  </testcase> <!-- Login -->
  <testcase classname="com.mindtree.Testcases.TestRunner" name="Sale" time="0.0">
    <ignored/>
  </testcase> <!-- Sale -->
  <testcase classname="com.mindtree.Testcases.TestRunner" name="ResultsCount" time="0.0">
    <ignored/>
  </testcase> <!-- ResultsCount -->
  <testcase classname="com.mindtree.Testcases.TestRunner" name="DecorList" time="0.0">
    <ignored/>
  </testcase> <!-- DecorList -->
  <testcase classname="com.mindtree.Testcases.TestRunner" name="Help" time="0.0">
    <ignored/>
  </testcase> <!-- Help -->
  <testcase classname="com.mindtree.Testcases.TestRunner" name="FilterSearch" time="0.0">
    <ignored/>
  </testcase> <!-- FilterSearch -->
  <testcase classname="com.mindtree.Testcases.TestRunner" name="SortBy" time="0.0">
    <ignored/>
  </testcase> <!-- SortBy -->
</testsuite> <!-- Default test -->
